<?xml version="1.0" encoding="UTF-8"?>
<!-- Generated by org.testng.reporters.JUnitReportReporter -->
<testsuite hostname="LAPTOP-A52B4IG9" failures="0" tests="1" name="fi.testing.sele_test" time="19.040" errors="0" timestamp="2024-12-22T00:09:14 IST" skipped="0">
  <testcase classname="fi.testing.sele_test" name="test" time="19.040"/>
</testsuite> <!-- fi.testing.sele_test -->
